<?xml version="1.0" encoding="UTF-8"?>
<testsuite xmlns:xsi="http://www.w3.org/2001/XMLSchema-instance" xsi:noNamespaceSchemaLocation="https://maven.apache.org/surefire/maven-surefire-plugin/xsd/surefire-test-report-3.0.xsd" version="3.0" name="com.mycompany.app.oil202223td2shadowteam.CalculatorTest" time="0.475" tests="2" errors="0" skipped="0" failures="0">
  <properties>
[...]
</properties>
  <testcase name="testAdd" classname="com.mycompany.app.oil202223td2shadowteam.CalculatorTest" time="0.368">
    <system-out><![CDATA[20:59:55.922 [main] INFO com.mycompany.app.oil202223td2shadowteam.CalculatorTest -- &amp#27;[32mAll tests passed successfully!&amp#27;[0m
]]></system-out>
  </testcase>
  <testcase name="testAdditionner" classname="com.mycompany.app.oil202223td2shadowteam.CalculatorTest" time="0.002">
    <system-out><![CDATA[20:59:55.934 [main] INFO com.mycompany.app.oil202223td2shadowteam.CalculatorTest -- &amp#27;[32mAll tests passed successfully!&amp#27;[0m
]]></system-out>
  </testcase>
</testsuite>